<?xml version="1.0" encoding="UTF-8"?>
<!DOCTYPE html PUBLIC "-//W3C//DTD XHTML 1.0 Strict//EN" "http://www.w3.org/TR/xhtml1/DTD/xhtml1-strict.dtd">
<html xmlns="http://www.w3.org/1999/xhtml">
<head>
    <title>测试报告</title>
    <meta name="generator" content="HTMLTestRunner 0.8.2.1"/>
    <meta http-equiv="Content-Type" content="text/html; charset=UTF-8"/>
    <link href="http://libs.baidu.com/bootstrap/3.0.3/css/bootstrap.min.css" rel="stylesheet">
    <script src="http://libs.baidu.com/jquery/2.0.0/jquery.min.js"></script>
    <script src="http://libs.baidu.com/bootstrap/3.0.3/js/bootstrap.min.js"></script>
    
<style type="text/css" media="screen">
body        { font-family: Microsoft YaHei,Tahoma,arial,helvetica,sans-serif;padding: 20px; font-size: 80%; }
table       { font-size: 100%; }
/* -- heading ---------------------------------------------------------------------- */
.heading {
    margin-top: 0ex;
    margin-bottom: 1ex;
}
.heading .description {
    margin-top: 4ex;
    margin-bottom: 6ex;
}
/* -- report ------------------------------------------------------------------------ */
#total_row  { font-weight: bold; }
.passCase   { color: #5cb85c; }
.failCase   { color: #d9534f; font-weight: bold; }
.errorCase  { color: #f0ad4e; font-weight: bold; }
.hiddenRow  { display: none; }
.testcase   { margin-left: 2em; }
</style>

</head>
<body >
<script language="javascript" type="text/javascript">
output_list = Array();
/*level 调整增加只显示通过用例的分类 --Findyou
0:Summary //all hiddenRow
1:Failed  //pt hiddenRow, ft none
2:Pass    //pt none, ft hiddenRow
3:All     //pt none, ft none
4:Error  
*/
function showCase(level) {
    trs = document.getElementsByTagName("tr");
    for (var i = 0; i < trs.length; i++) {
        tr = trs[i];
        id = tr.id;
        if (id.substr(0,2) == 'ft') {
            if (level == 2 || level == 0 ) {
                tr.className = 'hiddenRow';
            }
            else {
                tr.className = '';
            }
        }
        if (id.substr(0,2) == 'pt') {
            if (level < 2 || level ==4) {
                tr.className = 'hiddenRow';
            }
            else {
                tr.className = '';
            }
        }
    }
    //加入【详细】切换文字变化 --Findyou
    detail_class=document.getElementsByClassName('case_detail');
    //console.log(detail_class.length)
    if (level == 3) {
        for (var i = 0; i < detail_class.length; i++){
            detail_class[i].innerHTML="收起"
        }
    }
    else{
            for (var i = 0; i < detail_class.length; i++){
            detail_class[i].innerHTML="详细"
        }
    }
}
function showClassDetail(cid, count) {
    var id_list = Array(count);
    var toHide = 1;
    for (var i = 0; i < count; i++) {
        //ID修改 点 为 下划线 -Findyou
        tid0 = 't' + cid.substr(1) + '_' + (i+1);
        tid = 'f' + tid0;
        tr = document.getElementById(tid);
        if (!tr) {
            tid = 'p' + tid0;
            tr = document.getElementById(tid);
        }
        id_list[i] = tid;
        if (tr.className) {
            toHide = 0;
        }
    }
    for (var i = 0; i < count; i++) {
        tid = id_list[i];
        //修改点击无法收起的BUG，加入【详细】切换文字变化 --Findyou
        if (toHide) {
            document.getElementById(tid).className = 'hiddenRow';
            document.getElementById(cid).innerText = "详细"
        }
        else {
            document.getElementById(tid).className = '';
            document.getElementById(cid).innerText = "收起"
        }
    }
}
function html_escape(s) {
    s = s.replace(/&/g,'&amp;');
    s = s.replace(/</g,'&lt;');
    s = s.replace(/>/g,'&gt;');
    return s;
}
</script>
<div class='heading'>
<h4 style="font-family: Microsoft YaHei">测试报告</h4>
<p class='attribute'><strong>测试人员 : </strong> tester1,tester2</p>
<p class='attribute'><strong>开始时间 : </strong> 2020-11-20 19:54:36</p>
<p class='attribute'><strong>合计耗时 : </strong> 0:24:56.445025</p>
<p class='attribute'><strong>测试结果 : </strong> 共 15，通过 1，失败 1，错误 13，通过率= 6.67%</p>

<p class='description'>执行情况：</p>
</div>


<p id='show_detail_line'>
<a class="btn btn-primary" href='javascript:showCase(0)'>概要{ 6.67% }</a>
<a class="btn btn-warning" href='javascript:showCase(4)'>错误{ 13 }</a>
<a class="btn btn-danger" href='javascript:showCase(1)'>失败{ 1 }</a>
<a class="btn btn-success" href='javascript:showCase(2)'>通过{ 1 }</a>
<a class="btn btn-info" href='javascript:showCase(3)'>所有{ 15 }</a>
</p>
<table id='result_table' class="table table-condensed table-bordered table-hover">
<colgroup>
<col align='left' />
<col align='right' />
<col align='right' />
<col align='right' />
<col align='right' />
<col align='right' />
<col align='right' />
</colgroup>
<tr id='header_row' class="text-center success" style="font-weight: bold;font-size: 14px;">
    <td>用例集/测试用例</td>
    <td>总计</td>
    <td>通过</td>
    <td>失败</td>
    <td>错误</td>
    <td>详细</td>
    <td>截图</td>
</tr>

<tr class='errorClass warning'>
    <td>shouyeApp.ShouyeTests</td>
    <td class="text-center">15</td>
    <td class="text-center">1</td>
    <td class="text-center">1</td>
    <td class="text-center">13</td>
    <td class="text-center"><a href="javascript:showClassDetail('c1',15)" class="case_detail" id='c1'>详细</a></td>
    <td class="text-center">Assert or Error Image</td>
</tr>

<tr id='pt1_1' class='hiddenRow'>
    <td class='passCase'><div class='testcase'>testshouye01_01: 验证首页导航栏文案显示是否正常</div></td>
    <td colspan='5' align='center'><span class="label label-success success">通过</span></td>
    <td align="right">
        <a hidden="hidden" href="../images/">
            <img   src="../images/" height="200" width="400"/>
        </a>
    </td>
</tr>

<tr id='ft1_2' class='none'>
    <td class='errorCase' width='300px'><div class='testcase'>testshouye01_02: 验证帖子列表内容跳转</div></td>
    <td colspan='5' align='left' width='600px'> <!--print 输出框位置-->
    <!--默认收起错误信息 -Findyou
    <button id='btn_ft1_2' type="button"  class="btn btn-danger btn-xs collapsed" data-toggle="collapse" data-target='#div_ft1_2'>错误</button>
    <div id='div_ft1_2' class="collapse">  -->
    <!-- 默认展开错误信息 -Findyou -->
    <button id='btn_ft1_2' type="button"  class="btn btn-danger btn-xs" data-toggle="collapse" data-target='#div_ft1_2'>错误</button>
    <div id='div_ft1_2' class="collapse in">
    <pre style="overflow-y:scroll; overflow-x:hidden;height:200px; width:600px; margin:auto; border:1px solid #e1e1e1;">
    
ft1_2: Traceback (most recent call last):
  File "C:\Users\Administrator\PycharmProjects\Uiframe0test\case\app\shouyeApp.py", line 63, in testshouye01_02
    cc = self.driver.find_element_by_id("cn.xiaochuankeji.tieba:id/ss")
  File "C:\Users\Administrator\AppData\Local\Programs\Python\Python37-32\lib\site-packages\selenium\webdriver\remote\webdriver.py", line 360, in find_element_by_id
    return self.find_element(by=By.ID, value=id_)
  File "C:\Users\Administrator\AppData\Local\Programs\Python\Python37-32\lib\site-packages\appium\webdriver\webdriver.py", line 281, in find_element
    'value': value})['value']
  File "C:\Users\Administrator\AppData\Local\Programs\Python\Python37-32\lib\site-packages\selenium\webdriver\remote\webdriver.py", line 321, in execute
    self.error_handler.check_response(response)
  File "C:\Users\Administrator\AppData\Local\Programs\Python\Python37-32\lib\site-packages\appium\webdriver\errorhandler.py", line 31, in check_response
    raise wde
  File "C:\Users\Administrator\AppData\Local\Programs\Python\Python37-32\lib\site-packages\appium\webdriver\errorhandler.py", line 26, in check_response
    super().check_response(response)
  File "C:\Users\Administrator\AppData\Local\Programs\Python\Python37-32\lib\site-packages\selenium\webdriver\remote\errorhandler.py", line 242, in check_response
    raise exception_class(message, screen, stacktrace)
selenium.common.exceptions.NoSuchElementException: Message: An element could not be located on the page using the given search parameters.



    </pre>
    </div>
    </td>
    <td align="right">
        <a hidden="hidden" href="../images/">
            <img   src="../images/" height="200px" width="400px"/>
        </a>
    </td>
</tr>



<tr id='ft1_3' class='none'>
    <td class='errorCase' width='300px'><div class='testcase'>testshouye01_03: 验证评论帖子功能</div></td>
    <td colspan='5' align='left' width='600px'> <!--print 输出框位置-->
    <!--默认收起错误信息 -Findyou
    <button id='btn_ft1_3' type="button"  class="btn btn-danger btn-xs collapsed" data-toggle="collapse" data-target='#div_ft1_3'>错误</button>
    <div id='div_ft1_3' class="collapse">  -->
    <!-- 默认展开错误信息 -Findyou -->
    <button id='btn_ft1_3' type="button"  class="btn btn-danger btn-xs" data-toggle="collapse" data-target='#div_ft1_3'>错误</button>
    <div id='div_ft1_3' class="collapse in">
    <pre style="overflow-y:scroll; overflow-x:hidden;height:200px; width:600px; margin:auto; border:1px solid #e1e1e1;">
    
ft1_3: Traceback (most recent call last):
  File "C:\Users\Administrator\PycharmProjects\Uiframe0test\case\app\shouyeApp.py", line 70, in testshouye01_03
    Mylogin(self.driver).login()
  File "C:\Users\Administrator\PycharmProjects\Uiframe0test\public\loginApp.py", line 11, in login
    self.driver.find_element_by_id("cn.xiaochuankeji.tieba:id/tv_notLogin_goLogin").click()
  File "C:\Users\Administrator\AppData\Local\Programs\Python\Python37-32\lib\site-packages\selenium\webdriver\remote\webdriver.py", line 360, in find_element_by_id
    return self.find_element(by=By.ID, value=id_)
  File "C:\Users\Administrator\AppData\Local\Programs\Python\Python37-32\lib\site-packages\appium\webdriver\webdriver.py", line 281, in find_element
    'value': value})['value']
  File "C:\Users\Administrator\AppData\Local\Programs\Python\Python37-32\lib\site-packages\selenium\webdriver\remote\webdriver.py", line 321, in execute
    self.error_handler.check_response(response)
  File "C:\Users\Administrator\AppData\Local\Programs\Python\Python37-32\lib\site-packages\appium\webdriver\errorhandler.py", line 31, in check_response
    raise wde
  File "C:\Users\Administrator\AppData\Local\Programs\Python\Python37-32\lib\site-packages\appium\webdriver\errorhandler.py", line 26, in check_response
    super().check_response(response)
  File "C:\Users\Administrator\AppData\Local\Programs\Python\Python37-32\lib\site-packages\selenium\webdriver\remote\errorhandler.py", line 242, in check_response
    raise exception_class(message, screen, stacktrace)
selenium.common.exceptions.NoSuchElementException: Message: An element could not be located on the page using the given search parameters.



    </pre>
    </div>
    </td>
    <td align="right">
        <a hidden="hidden" href="../images/">
            <img   src="../images/" height="200px" width="400px"/>
        </a>
    </td>
</tr>



<tr id='ft1_4' class='none'>
    <td class='errorCase' width='300px'><div class='testcase'>testshouye01_04: 点击刷新按钮查看页面是否出现提示语</div></td>
    <td colspan='5' align='left' width='600px'> <!--print 输出框位置-->
    <!--默认收起错误信息 -Findyou
    <button id='btn_ft1_4' type="button"  class="btn btn-danger btn-xs collapsed" data-toggle="collapse" data-target='#div_ft1_4'>错误</button>
    <div id='div_ft1_4' class="collapse">  -->
    <!-- 默认展开错误信息 -Findyou -->
    <button id='btn_ft1_4' type="button"  class="btn btn-danger btn-xs" data-toggle="collapse" data-target='#div_ft1_4'>错误</button>
    <div id='div_ft1_4' class="collapse in">
    <pre style="overflow-y:scroll; overflow-x:hidden;height:200px; width:600px; margin:auto; border:1px solid #e1e1e1;">
    
ft1_4: Traceback (most recent call last):
  File "C:\Users\Administrator\PycharmProjects\Uiframe0test\case\app\shouyeApp.py", line 90, in testshouye01_04
    el = WebDriverWait(self.driver,20,0.1).until(EC.presence_of_element_located(toast_loc))
  File "C:\Users\Administrator\AppData\Local\Programs\Python\Python37-32\lib\site-packages\selenium\webdriver\support\wait.py", line 80, in until
    raise TimeoutException(message, screen, stacktrace)
selenium.common.exceptions.TimeoutException: Message: 



    </pre>
    </div>
    </td>
    <td align="right">
        <a hidden="hidden" href="../images/">
            <img   src="../images/" height="200px" width="400px"/>
        </a>
    </td>
</tr>



<tr id='ft1_5' class='none'>
    <td class='errorCase' width='300px'><div class='testcase'>testshouye01_05: 点击刷新按钮查看页面内容是否变化</div></td>
    <td colspan='5' align='left' width='600px'> <!--print 输出框位置-->
    <!--默认收起错误信息 -Findyou
    <button id='btn_ft1_5' type="button"  class="btn btn-danger btn-xs collapsed" data-toggle="collapse" data-target='#div_ft1_5'>错误</button>
    <div id='div_ft1_5' class="collapse">  -->
    <!-- 默认展开错误信息 -Findyou -->
    <button id='btn_ft1_5' type="button"  class="btn btn-danger btn-xs" data-toggle="collapse" data-target='#div_ft1_5'>错误</button>
    <div id='div_ft1_5' class="collapse in">
    <pre style="overflow-y:scroll; overflow-x:hidden;height:200px; width:600px; margin:auto; border:1px solid #e1e1e1;">
    
ft1_5: Traceback (most recent call last):
  File "C:\Users\Administrator\PycharmProjects\Uiframe0test\case\app\shouyeApp.py", line 103, in testshouye01_05
    elf.assertEqual(aa,bb.text )
NameError: name 'elf' is not defined


    </pre>
    </div>
    </td>
    <td align="right">
        <a hidden="hidden" href="../images/">
            <img   src="../images/" height="200px" width="400px"/>
        </a>
    </td>
</tr>



<tr id='ft1_6' class='none'>
    <td class='errorCase' width='300px'><div class='testcase'>testshouye01_06: 搜索输入框能否输入内容</div></td>
    <td colspan='5' align='left' width='600px'> <!--print 输出框位置-->
    <!--默认收起错误信息 -Findyou
    <button id='btn_ft1_6' type="button"  class="btn btn-danger btn-xs collapsed" data-toggle="collapse" data-target='#div_ft1_6'>错误</button>
    <div id='div_ft1_6' class="collapse">  -->
    <!-- 默认展开错误信息 -Findyou -->
    <button id='btn_ft1_6' type="button"  class="btn btn-danger btn-xs" data-toggle="collapse" data-target='#div_ft1_6'>错误</button>
    <div id='div_ft1_6' class="collapse in">
    <pre style="overflow-y:scroll; overflow-x:hidden;height:200px; width:600px; margin:auto; border:1px solid #e1e1e1;">
    
ft1_6: Traceback (most recent call last):
  File "C:\Users\Administrator\PycharmProjects\Uiframe0test\case\app\shouyeApp.py", line 113, in testshouye01_06
    elf.assertEqual(el.text,'哦豁')
NameError: name 'elf' is not defined


    </pre>
    </div>
    </td>
    <td align="right">
        <a hidden="hidden" href="../images/">
            <img   src="../images/" height="200px" width="400px"/>
        </a>
    </td>
</tr>



<tr id='ft1_7' class='none'>
    <td class='errorCase' width='300px'><div class='testcase'>testshouye01_07: 搜索输入框中是否有提示语</div></td>
    <td colspan='5' align='left' width='600px'> <!--print 输出框位置-->
    <!--默认收起错误信息 -Findyou
    <button id='btn_ft1_7' type="button"  class="btn btn-danger btn-xs collapsed" data-toggle="collapse" data-target='#div_ft1_7'>错误</button>
    <div id='div_ft1_7' class="collapse">  -->
    <!-- 默认展开错误信息 -Findyou -->
    <button id='btn_ft1_7' type="button"  class="btn btn-danger btn-xs" data-toggle="collapse" data-target='#div_ft1_7'>错误</button>
    <div id='div_ft1_7' class="collapse in">
    <pre style="overflow-y:scroll; overflow-x:hidden;height:200px; width:600px; margin:auto; border:1px solid #e1e1e1;">
    
ft1_7: Traceback (most recent call last):
  File "C:\Users\Administrator\PycharmProjects\Uiframe0test\case\app\shouyeApp.py", line 124, in testshouye01_07
    elf.assertEqual(el.text, '搜索话题 / 帖子 / 用户')
NameError: name 'elf' is not defined


    </pre>
    </div>
    </td>
    <td align="right">
        <a hidden="hidden" href="../images/">
            <img   src="../images/" height="200px" width="400px"/>
        </a>
    </td>
</tr>



<tr id='ft1_8' class='none'>
    <td class='failCase' width='300px'><div class='testcase'>testshouye01_08: 搜索是否支持模糊查询</div></td>
    <td colspan='5' align='left' width='600px'> <!--print 输出框位置-->
    <!--默认收起错误信息 -Findyou
    <button id='btn_ft1_8' type="button"  class="btn btn-danger btn-xs collapsed" data-toggle="collapse" data-target='#div_ft1_8'>失败</button>
    <div id='div_ft1_8' class="collapse">  -->
    <!-- 默认展开错误信息 -Findyou -->
    <button id='btn_ft1_8' type="button"  class="btn btn-danger btn-xs" data-toggle="collapse" data-target='#div_ft1_8'>失败</button>
    <div id='div_ft1_8' class="collapse in">
    <pre style="overflow-y:scroll; overflow-x:hidden;height:200px; width:600px; margin:auto; border:1px solid #e1e1e1;">
    
ft1_8: Traceback (most recent call last):
  File "C:\Users\Administrator\PycharmProjects\Uiframe0test\case\app\shouyeApp.py", line 138, in testshouye01_08
    self.assertIn("love", sendContentList)
AssertionError: 'love' not found in '话题帖子用户小情书LOVE'


    </pre>
    </div>
    </td>
    <td align="right">
        <a hidden="hidden" href="../images/">
            <img   src="../images/" height="200px" width="400px"/>
        </a>
    </td>
</tr>



<tr id='ft1_9' class='none'>
    <td class='errorCase' width='300px'><div class='testcase'>testshouye01_09: 搜索内容前置空格</div></td>
    <td colspan='5' align='left' width='600px'> <!--print 输出框位置-->
    <!--默认收起错误信息 -Findyou
    <button id='btn_ft1_9' type="button"  class="btn btn-danger btn-xs collapsed" data-toggle="collapse" data-target='#div_ft1_9'>错误</button>
    <div id='div_ft1_9' class="collapse">  -->
    <!-- 默认展开错误信息 -Findyou -->
    <button id='btn_ft1_9' type="button"  class="btn btn-danger btn-xs" data-toggle="collapse" data-target='#div_ft1_9'>错误</button>
    <div id='div_ft1_9' class="collapse in">
    <pre style="overflow-y:scroll; overflow-x:hidden;height:200px; width:600px; margin:auto; border:1px solid #e1e1e1;">
    
ft1_9: Traceback (most recent call last):
  File "C:\Users\Administrator\PycharmProjects\Uiframe0test\case\app\shouyeApp.py", line 149, in testshouye01_09
    self.assertEqualTrue(self.driver.find_element_by_id("cn.xiaochuankeji.tieba:id/title").is_displayed())
AttributeError: 'ShouyeTests' object has no attribute 'assertEqualTrue'


    </pre>
    </div>
    </td>
    <td align="right">
        <a hidden="hidden" href="../images/">
            <img   src="../images/" height="200px" width="400px"/>
        </a>
    </td>
</tr>



<tr id='ft1_10' class='none'>
    <td class='errorCase' width='300px'><div class='testcase'>testshouye01_10: 搜索输入的内容查询不到时是否有提示语</div></td>
    <td colspan='5' align='left' width='600px'> <!--print 输出框位置-->
    <!--默认收起错误信息 -Findyou
    <button id='btn_ft1_10' type="button"  class="btn btn-danger btn-xs collapsed" data-toggle="collapse" data-target='#div_ft1_10'>错误</button>
    <div id='div_ft1_10' class="collapse">  -->
    <!-- 默认展开错误信息 -Findyou -->
    <button id='btn_ft1_10' type="button"  class="btn btn-danger btn-xs" data-toggle="collapse" data-target='#div_ft1_10'>错误</button>
    <div id='div_ft1_10' class="collapse in">
    <pre style="overflow-y:scroll; overflow-x:hidden;height:200px; width:600px; margin:auto; border:1px solid #e1e1e1;">
    
ft1_10: Traceback (most recent call last):
  File "C:\Users\Administrator\PycharmProjects\Uiframe0test\case\app\shouyeApp.py", line 159, in testshouye01_10
    self.assertEqualTrue(self.driver.find_element_by_id("cn.xiaochuankeji.tieba:id/tvTip").is_displayed())
AttributeError: 'ShouyeTests' object has no attribute 'assertEqualTrue'


    </pre>
    </div>
    </td>
    <td align="right">
        <a hidden="hidden" href="../images/">
            <img   src="../images/" height="200px" width="400px"/>
        </a>
    </td>
</tr>



<tr id='ft1_11' class='none'>
    <td class='errorCase' width='300px'><div class='testcase'>testshouye01_11: 搜索后是否有搜索记录</div></td>
    <td colspan='5' align='left' width='600px'> <!--print 输出框位置-->
    <!--默认收起错误信息 -Findyou
    <button id='btn_ft1_11' type="button"  class="btn btn-danger btn-xs collapsed" data-toggle="collapse" data-target='#div_ft1_11'>错误</button>
    <div id='div_ft1_11' class="collapse">  -->
    <!-- 默认展开错误信息 -Findyou -->
    <button id='btn_ft1_11' type="button"  class="btn btn-danger btn-xs" data-toggle="collapse" data-target='#div_ft1_11'>错误</button>
    <div id='div_ft1_11' class="collapse in">
    <pre style="overflow-y:scroll; overflow-x:hidden;height:200px; width:600px; margin:auto; border:1px solid #e1e1e1;">
    
ft1_11: Traceback (most recent call last):
  File "C:\Users\Administrator\PycharmProjects\Uiframe0test\case\app\shouyeApp.py", line 170, in testshouye01_11
    self.driver.find_element_by_id("cn.xiaochuankeji.tieba:id/ivBack").click()
  File "C:\Users\Administrator\AppData\Local\Programs\Python\Python37-32\lib\site-packages\selenium\webdriver\remote\webdriver.py", line 360, in find_element_by_id
    return self.find_element(by=By.ID, value=id_)
  File "C:\Users\Administrator\AppData\Local\Programs\Python\Python37-32\lib\site-packages\appium\webdriver\webdriver.py", line 281, in find_element
    'value': value})['value']
  File "C:\Users\Administrator\AppData\Local\Programs\Python\Python37-32\lib\site-packages\selenium\webdriver\remote\webdriver.py", line 321, in execute
    self.error_handler.check_response(response)
  File "C:\Users\Administrator\AppData\Local\Programs\Python\Python37-32\lib\site-packages\appium\webdriver\errorhandler.py", line 31, in check_response
    raise wde
  File "C:\Users\Administrator\AppData\Local\Programs\Python\Python37-32\lib\site-packages\appium\webdriver\errorhandler.py", line 26, in check_response
    super().check_response(response)
  File "C:\Users\Administrator\AppData\Local\Programs\Python\Python37-32\lib\site-packages\selenium\webdriver\remote\errorhandler.py", line 242, in check_response
    raise exception_class(message, screen, stacktrace)
selenium.common.exceptions.NoSuchElementException: Message: An element could not be located on the page using the given search parameters.



    </pre>
    </div>
    </td>
    <td align="right">
        <a hidden="hidden" href="../images/">
            <img   src="../images/" height="200px" width="400px"/>
        </a>
    </td>
</tr>



<tr id='ft1_12' class='none'>
    <td class='errorCase' width='300px'><div class='testcase'>testshouye01_12: 输入内容时输入框中提示语是否被覆盖</div></td>
    <td colspan='5' align='left' width='600px'> <!--print 输出框位置-->
    <!--默认收起错误信息 -Findyou
    <button id='btn_ft1_12' type="button"  class="btn btn-danger btn-xs collapsed" data-toggle="collapse" data-target='#div_ft1_12'>错误</button>
    <div id='div_ft1_12' class="collapse">  -->
    <!-- 默认展开错误信息 -Findyou -->
    <button id='btn_ft1_12' type="button"  class="btn btn-danger btn-xs" data-toggle="collapse" data-target='#div_ft1_12'>错误</button>
    <div id='div_ft1_12' class="collapse in">
    <pre style="overflow-y:scroll; overflow-x:hidden;height:200px; width:600px; margin:auto; border:1px solid #e1e1e1;">
    
ft1_12: Traceback (most recent call last):
  File "C:\Users\Administrator\PycharmProjects\Uiframe0test\case\app\shouyeApp.py", line 182, in testshouye01_12
    aa =el.text
AttributeError: 'NoneType' object has no attribute 'text'


    </pre>
    </div>
    </td>
    <td align="right">
        <a hidden="hidden" href="../images/">
            <img   src="../images/" height="200px" width="400px"/>
        </a>
    </td>
</tr>



<tr id='ft1_13' class='none'>
    <td class='errorCase' width='300px'><div class='testcase'>testshouye01_13: 页面长按是否弹出分享框</div></td>
    <td colspan='5' align='left' width='600px'> <!--print 输出框位置-->
    <!--默认收起错误信息 -Findyou
    <button id='btn_ft1_13' type="button"  class="btn btn-danger btn-xs collapsed" data-toggle="collapse" data-target='#div_ft1_13'>错误</button>
    <div id='div_ft1_13' class="collapse">  -->
    <!-- 默认展开错误信息 -Findyou -->
    <button id='btn_ft1_13' type="button"  class="btn btn-danger btn-xs" data-toggle="collapse" data-target='#div_ft1_13'>错误</button>
    <div id='div_ft1_13' class="collapse in">
    <pre style="overflow-y:scroll; overflow-x:hidden;height:200px; width:600px; margin:auto; border:1px solid #e1e1e1;">
    
ft1_13: Traceback (most recent call last):
  File "C:\Users\Administrator\PycharmProjects\Uiframe0test\case\app\shouyeApp.py", line 192, in testshouye01_13
    self.assertEqualTrue(self.driver.find_element_by_xpath("//*[@text='QQ空间']").is_displayed())
AttributeError: 'ShouyeTests' object has no attribute 'assertEqualTrue'


    </pre>
    </div>
    </td>
    <td align="right">
        <a hidden="hidden" href="../images/">
            <img   src="../images/" height="200px" width="400px"/>
        </a>
    </td>
</tr>



<tr id='ft1_14' class='none'>
    <td class='errorCase' width='300px'><div class='testcase'>testshouye01_14: 页面下拉刷新</div></td>
    <td colspan='5' align='left' width='600px'> <!--print 输出框位置-->
    <!--默认收起错误信息 -Findyou
    <button id='btn_ft1_14' type="button"  class="btn btn-danger btn-xs collapsed" data-toggle="collapse" data-target='#div_ft1_14'>错误</button>
    <div id='div_ft1_14' class="collapse">  -->
    <!-- 默认展开错误信息 -Findyou -->
    <button id='btn_ft1_14' type="button"  class="btn btn-danger btn-xs" data-toggle="collapse" data-target='#div_ft1_14'>错误</button>
    <div id='div_ft1_14' class="collapse in">
    <pre style="overflow-y:scroll; overflow-x:hidden;height:200px; width:600px; margin:auto; border:1px solid #e1e1e1;">
    
ft1_14: Traceback (most recent call last):
  File "C:\Users\Administrator\PycharmProjects\Uiframe0test\case\app\shouyeApp.py", line 201, in testshouye01_14
    el = WebDriverWait(self.driver, 20, 0.1).until(EC.presence_of_element_located(toast_loc))
  File "C:\Users\Administrator\AppData\Local\Programs\Python\Python37-32\lib\site-packages\selenium\webdriver\support\wait.py", line 80, in until
    raise TimeoutException(message, screen, stacktrace)
selenium.common.exceptions.TimeoutException: Message: 



    </pre>
    </div>
    </td>
    <td align="right">
        <a hidden="hidden" href="../images/">
            <img   src="../images/" height="200px" width="400px"/>
        </a>
    </td>
</tr>



<tr id='ft1_15' class='none'>
    <td class='errorCase' width='300px'><div class='testcase'>testshouye01_15: 点击我的是否跳转到个人页面</div></td>
    <td colspan='5' align='left' width='600px'> <!--print 输出框位置-->
    <!--默认收起错误信息 -Findyou
    <button id='btn_ft1_15' type="button"  class="btn btn-danger btn-xs collapsed" data-toggle="collapse" data-target='#div_ft1_15'>错误</button>
    <div id='div_ft1_15' class="collapse">  -->
    <!-- 默认展开错误信息 -Findyou -->
    <button id='btn_ft1_15' type="button"  class="btn btn-danger btn-xs" data-toggle="collapse" data-target='#div_ft1_15'>错误</button>
    <div id='div_ft1_15' class="collapse in">
    <pre style="overflow-y:scroll; overflow-x:hidden;height:200px; width:600px; margin:auto; border:1px solid #e1e1e1;">
    
ft1_15: Traceback (most recent call last):
  File "C:\Users\Administrator\PycharmProjects\Uiframe0test\case\app\shouyeApp.py", line 209, in testshouye01_15
    self.driver.find_element_by_xpath("//android.view.ViewGroup[@resource-id='cn.xiaochuankeji.tieba:id/me_item']/android.widget.TextView[2]/").click()
  File "C:\Users\Administrator\AppData\Local\Programs\Python\Python37-32\lib\site-packages\selenium\webdriver\remote\webdriver.py", line 394, in find_element_by_xpath
    return self.find_element(by=By.XPATH, value=xpath)
  File "C:\Users\Administrator\AppData\Local\Programs\Python\Python37-32\lib\site-packages\appium\webdriver\webdriver.py", line 281, in find_element
    'value': value})['value']
  File "C:\Users\Administrator\AppData\Local\Programs\Python\Python37-32\lib\site-packages\selenium\webdriver\remote\webdriver.py", line 321, in execute
    self.error_handler.check_response(response)
  File "C:\Users\Administrator\AppData\Local\Programs\Python\Python37-32\lib\site-packages\appium\webdriver\errorhandler.py", line 31, in check_response
    raise wde
  File "C:\Users\Administrator\AppData\Local\Programs\Python\Python37-32\lib\site-packages\appium\webdriver\errorhandler.py", line 26, in check_response
    super().check_response(response)
  File "C:\Users\Administrator\AppData\Local\Programs\Python\Python37-32\lib\site-packages\selenium\webdriver\remote\errorhandler.py", line 242, in check_response
    raise exception_class(message, screen, stacktrace)
selenium.common.exceptions.InvalidSelectorException: Message: io.appium.uiautomator2.common.exceptions.InvalidSelectorException: javax.xml.xpath.XPathExpressionException: javax.xml.transform.TransformerException: A location step was expected following the '/' or '//' token.
	at io.appium.uiautomator2.model.XPathFinder.find(XPathFinder.java:178)
	at io.appium.uiautomator2.utils.LocationHelpers.getXPathNodeMatch(LocationHelpers.java:82)
	at io.appium.uiautomator2.handler.FindElement.findElement(FindElement.java:106)
	at io.appium.uiautomator2.handler.FindElement.safeHandle(FindElement.java:77)
	at io.appium.uiautomator2.handler.request.SafeRequestHandler.handle(SafeRequestHandler.java:37)
	at io.appium.uiautomator2.server.AppiumServlet.handleRequest(AppiumServlet.java:252)
	at io.appium.uiautomator2.server.AppiumServlet.handleHttpRequest(AppiumServlet.java:243)
	at io.appium.uiautomator2.http.ServerHandler.channelRead(ServerHandler.java:44)
	at io.netty.channel.AbstractChannelHandlerContext.invokeChannelRead(AbstractChannelHandlerContext.java:366)
	at io.netty.channel.AbstractChannelHandlerContext.invokeChannelRead(AbstractChannelHandlerContext.java:352)
	at io.netty.channel.AbstractChannelHandlerContext.fireChannelRead(AbstractChannelHandlerContext.java:345)
	at io.netty.handler.codec.MessageToMessageDecoder.channelRead(MessageToMessageDecoder.java:102)
	at io.netty.channel.AbstractChannelHandlerContext.invokeChannelRead(AbstractChannelHandlerContext.java:366)
	at io.netty.channel.AbstractChannelHandlerContext.invokeChannelRead(AbstractChannelHandlerContext.java:352)
	at io.netty.channel.AbstractChannelHandlerContext.fireChannelRead(AbstractChannelHandlerContext.java:345)
	at io.netty.channel.CombinedChannelDuplexHandler$DelegatingChannelHandlerContext.fireChannelRead(CombinedChannelDuplexHandler.java:435)
	at io.netty.handler.codec.ByteToMessageDecoder.fireChannelRead(ByteToMessageDecoder.java:293)
	at io.netty.handler.codec.ByteToMessageDecoder.channelRead(ByteToMessageDecoder.java:267)
	at io.netty.channel.CombinedChannelDuplexHandler.channelRead(CombinedChannelDuplexHandler.java:250)
	at io.netty.channel.AbstractChannelHandlerContext.invokeChannelRead(AbstractChannelHandlerContext.java:366)
	at io.netty.channel.AbstractChannelHandlerContext.invokeChannelRead(AbstractChannelHandlerContext.java:352)
	at io.netty.channel.AbstractChannelHandlerContext.fireChannelRead(AbstractChannelHandlerContext.java:345)
	at io.netty.channel.DefaultChannelPipeline$HeadContext.channelRead(DefaultChannelPipeline.java:1294)
	at io.netty.channel.AbstractChannelHandlerContext.invokeChannelRead(AbstractChannelHandlerContext.java:366)
	at io.netty.channel.AbstractChannelHandlerContext.invokeChannelRead(AbstractChannelHandlerContext.java:352)
	at io.netty.channel.DefaultChannelPipeline.fireChannelRead(DefaultChannelPipeline.java:911)
	at io.netty.channel.nio.AbstractNioByteChannel$NioByteUnsafe.read(AbstractNioByteChannel.java:131)
	at io.netty.channel.nio.NioEventLoop.processSelectedKey(NioEventLoop.java:611)
	at io.netty.channel.nio.NioEventLoop.processSelectedKeysOptimized(NioEventLoop.java:552)
	at io.netty.channel.nio.NioEventLoop.processSelectedKeys(NioEventLoop.java:466)
	at io.netty.channel.nio.NioEventLoop.run(NioEventLoop.java:438)
	at io.netty.util.concurrent.SingleThreadEventExecutor$2.run(SingleThreadEventExecutor.java:140)
	at io.netty.util.concurrent.DefaultThreadFactory$DefaultRunnableDecorator.run(DefaultThreadFactory.java:144)
	at java.lang.Thread.run(Thread.java:761)
Caused by: javax.xml.xpath.XPathExpressionException: javax.xml.transform.TransformerException: A location step was expected following the '/' or '//' token.
	at org.apache.xpath.jaxp.XPathImpl.compile(XPathImpl.java:408)
	at io.appium.uiautomator2.model.XPathFinder.find(XPathFinder.java:175)
	... 33 more
Caused by: javax.xml.transform.TransformerException: A location step was expected following the '/' or '//' token.
	at org.apache.xpath.compiler.XPathParser.error(XPathParser.java:610)
	at org.apache.xpath.compiler.XPathParser.RelativeLocationPath(XPathParser.java:1639)
	at org.apache.xpath.compiler.XPathParser.LocationPath(XPathParser.java:1597)
	at org.apache.xpath.compiler.XPathParser.PathExpr(XPathParser.java:1317)
	at org.apache.xpath.compiler.XPathParser.UnionExpr(XPathParser.java:1236)
	at org.apache.xpath.compiler.XPathParser.UnaryExpr(XPathParser.java:1142)
	at org.apache.xpath.compiler.XPathParser.MultiplicativeExpr(XPathParser.java:1063)
	at org.apache.xpath.compiler.XPathParser.AdditiveExpr(XPathParser.java:1005)
	at org.apache.xpath.compiler.XPathParser.RelationalExpr(XPathParser.java:930)
	at org.apache.xpath.compiler.XPathParser.EqualityExpr(XPathParser.java:870)
	at org.apache.xpath.compiler.XPathParser.AndExpr(XPathParser.java:834)
	at org.apache.xpath.compiler.XPathParser.OrExpr(XPathParser.java:807)
	at org.apache.xpath.compiler.XPathParser.Expr(XPathParser.java:790)
	at org.apache.xpath.compiler.XPathParser.initXPath(XPathParser.java:129)
	at org.apache.xpath.XPath.&lt;init&gt;(XPath.java:178)
	at org.apache.xpath.XPath.&lt;init&gt;(XPath.java:266)
	at org.apache.xpath.jaxp.XPathImpl.compile(XPathImpl.java:400)
	... 34 more




    </pre>
    </div>
    </td>
    <td align="right">
        <a hidden="hidden" href="../images/">
            <img   src="../images/" height="200px" width="400px"/>
        </a>
    </td>
</tr>



<tr id='total_row' class="text-center active">
    <td>总计</td>
    <td>15</td>
    <td>1</td>
    <td>1</td>
    <td>13</td>
    <td>通过率：6.67%</td>
    <td> <a href="" target="_blank"></a></td>
</tr>
</table>

<div id='ending'>&nbsp;</div>
    <div style=" position:fixed;right:50px; bottom:30px; width:20px; height:20px;cursor:pointer">
    <a href="#"><span class="glyphicon glyphicon-eject" style = "font-size:30px;" aria-hidden="true">
    </span></a></div>
    
</body>
</html>
